----------------------------------------
Timestamp: 5/11/2021 4:34:24 AM

Message: Scheduler: Task executed: 'Telerik.Sitefinity.ABTesting.Scheduling.ABTestsSyncTask'. Start time: 5/11/2021 4:34:23 AM. End time: 5/11/2021 4:34:24 AM. Task data: ''


----------------------------------------
----------------------------------------
Timestamp: 11/05/2021 09:18:38

Message: Attempting application domain unload. Reason: 'Telerik.OpenAccess.OpenAccessException: SQL exception on 'CREATE DATABASE SiteFinityDemoDB' : Cannot create file 'C:\Program Files\Microsoft SQL Server\MSSQL11.SQLSERVER2012\MSSQL\DATA\SiteFinityDemoDB.mdf' because it already exists. Change the file path or the file name, and retry the operation.
CREATE DATABASE failed. Some file names listed could not be created. Check related errors. ---> SQL exception on 'CREATE DATABASE SiteFinityDemoDB' : Cannot create file 'C:\Program Files\Microsoft SQL Server\MSSQL11.SQLSERVER2012\MSSQL\DATA\SiteFinityDemoDB.mdf' because it already exists. Change the file path or the file name, and retry the operation.
CREATE DATABASE failed. Some file names listed could not be created. Check related errors. ---> Cannot create file 'C:\Program Files\Microsoft SQL Server\MSSQL11.SQLSERVER2012\MSSQL\DATA\SiteFinityDemoDB.mdf' because it already exists. Change the file path or the file name, and retry the operation.
CREATE DATABASE failed. Some file names listed could not be created. Check related errors. ---> Cannot create file 'C:\Program Files\Microsoft SQL Server\MSSQL11.SQLSERVER2012\MSSQL\DATA\SiteFinityDemoDB.mdf' because it already exists. Change the file path or the file name, and retry the operation.
CREATE DATABASE failed. Some file names listed could not be created. Check related errors.'. StackTrace: '   at System.Environment.GetStackTrace(Exception e, Boolean needFileInfo)
   at System.Environment.get_StackTrace()
   at Telerik.Sitefinity.Services.SystemManager.TryRestartApplication(String restartReason)
   at Telerik.Sitefinity.Web.SitefinityHttpModule.HandleBootstrapException(Exception exception)
   at Telerik.Sitefinity.Web.SitefinityHttpModule.<>c.<BootstrapAsync>b__4_0(Object ctx)
   at System.Threading.Tasks.Task.InnerInvoke()
   at System.Threading.Tasks.Task.Execute()
   at System.Threading.Tasks.Task.ExecutionContextCallback(Object obj)
   at System.Threading.ExecutionContext.RunInternal(ExecutionContext executionContext, ContextCallback callback, Object state, Boolean preserveSyncCtx)
   at System.Threading.ExecutionContext.Run(ExecutionContext executionContext, ContextCallback callback, Object state, Boolean preserveSyncCtx)
   at System.Threading.Tasks.Task.ExecuteWithThreadLocal(Task& currentTaskSlot)
   at System.Threading.Tasks.Task.ExecuteEntry(Boolean bPreventDoubleExecution)
   at System.Threading.Tasks.Task.System.Threading.IThreadPoolWorkItem.ExecuteWorkItem()
   at System.Threading.ThreadPoolWorkQueue.Dispatch()
   at System.Threading._ThreadPoolWaitCallback.PerformWaitCallback()'


----------------------------------------
----------------------------------------
Timestamp: 11/05/2021 09:18:38

Message: Application domain unload succeeded. StackTrace: '   at System.Environment.GetStackTrace(Exception e, Boolean needFileInfo)
   at System.Environment.get_StackTrace()
   at Telerik.Sitefinity.Services.SystemManager.TryRestartApplication(String restartReason)
   at Telerik.Sitefinity.Web.SitefinityHttpModule.HandleBootstrapException(Exception exception)
   at Telerik.Sitefinity.Web.SitefinityHttpModule.<>c.<BootstrapAsync>b__4_0(Object ctx)
   at System.Threading.Tasks.Task.InnerInvoke()
   at System.Threading.Tasks.Task.Execute()
   at System.Threading.Tasks.Task.ExecutionContextCallback(Object obj)
   at System.Threading.ExecutionContext.RunInternal(ExecutionContext executionContext, ContextCallback callback, Object state, Boolean preserveSyncCtx)
   at System.Threading.ExecutionContext.Run(ExecutionContext executionContext, ContextCallback callback, Object state, Boolean preserveSyncCtx)
   at System.Threading.Tasks.Task.ExecuteWithThreadLocal(Task& currentTaskSlot)
   at System.Threading.Tasks.Task.ExecuteEntry(Boolean bPreventDoubleExecution)
   at System.Threading.Tasks.Task.System.Threading.IThreadPoolWorkItem.ExecuteWorkItem()
   at System.Threading.ThreadPoolWorkQueue.Dispatch()
   at System.Threading._ThreadPoolWaitCallback.PerformWaitCallback()'


----------------------------------------
